[0.188s] Invoking command in '/home/laura/auroraPractice/atm_ws/src/build/c_atm_description': CMAKE_PREFIX_PATH=/opt/ros/humble /usr/bin/cmake --build /home/laura/auroraPractice/atm_ws/src/build/c_atm_description -- -j4 -l4
[0.817s] Invoked command in '/home/laura/auroraPractice/atm_ws/src/build/c_atm_description' returned '0': CMAKE_PREFIX_PATH=/opt/ros/humble /usr/bin/cmake --build /home/laura/auroraPractice/atm_ws/src/build/c_atm_description -- -j4 -l4
[0.904s] Invoking command in '/home/laura/auroraPractice/atm_ws/src/build/c_atm_description': CMAKE_PREFIX_PATH=/opt/ros/humble /usr/bin/cmake --install /home/laura/auroraPractice/atm_ws/src/build/c_atm_description
[0.987s] -- Install configuration: ""
[0.993s] -- Up-to-date: /home/laura/auroraPractice/atm_ws/src/install/c_atm_description/share/c_atm_description/urdf
[1.007s] -- Installing: /home/laura/auroraPractice/atm_ws/src/install/c_atm_description/share/c_atm_description/urdf/atm.urdf
[1.008s] -- Up-to-date: /home/laura/auroraPractice/atm_ws/src/install/c_atm_description/share/c_atm_description/meshes
[1.010s] -- Up-to-date: /home/laura/auroraPractice/atm_ws/src/install/c_atm_description/share/c_atm_description/meshes/right_tire.stl
[1.011s] -- Up-to-date: /home/laura/auroraPractice/atm_ws/src/install/c_atm_description/share/c_atm_description/meshes/burger_base.stl
[1.021s] -- Up-to-date: /home/laura/auroraPractice/atm_ws/src/install/c_atm_description/share/c_atm_description/meshes/left_tire.stl
[1.023s] -- Up-to-date: /home/laura/auroraPractice/atm_ws/src/install/c_atm_description/share/ament_index/resource_index/package_run_dependencies/c_atm_description
[1.038s] -- Up-to-date: /home/laura/auroraPractice/atm_ws/src/install/c_atm_description/share/ament_index/resource_index/parent_prefix_path/c_atm_description
[1.040s] -- Up-to-date: /home/laura/auroraPractice/atm_ws/src/install/c_atm_description/share/c_atm_description/environment/ament_prefix_path.sh
[1.042s] -- Up-to-date: /home/laura/auroraPractice/atm_ws/src/install/c_atm_description/share/c_atm_description/environment/ament_prefix_path.dsv
[1.052s] -- Up-to-date: /home/laura/auroraPractice/atm_ws/src/install/c_atm_description/share/c_atm_description/environment/path.sh
[1.053s] -- Up-to-date: /home/laura/auroraPractice/atm_ws/src/install/c_atm_description/share/c_atm_description/environment/path.dsv
[1.053s] -- Up-to-date: /home/laura/auroraPractice/atm_ws/src/install/c_atm_description/share/c_atm_description/local_setup.bash
[1.057s] -- Up-to-date: /home/laura/auroraPractice/atm_ws/src/install/c_atm_description/share/c_atm_description/local_setup.sh
[1.059s] -- Up-to-date: /home/laura/auroraPractice/atm_ws/src/install/c_atm_description/share/c_atm_description/local_setup.zsh
[1.061s] -- Up-to-date: /home/laura/auroraPractice/atm_ws/src/install/c_atm_description/share/c_atm_description/local_setup.dsv
[1.074s] -- Installing: /home/laura/auroraPractice/atm_ws/src/install/c_atm_description/share/c_atm_description/package.dsv
[1.075s] -- Up-to-date: /home/laura/auroraPractice/atm_ws/src/install/c_atm_description/share/ament_index/resource_index/packages/c_atm_description
[1.076s] -- Up-to-date: /home/laura/auroraPractice/atm_ws/src/install/c_atm_description/share/c_atm_description/cmake/c_atm_descriptionConfig.cmake
[1.085s] -- Up-to-date: /home/laura/auroraPractice/atm_ws/src/install/c_atm_description/share/c_atm_description/cmake/c_atm_descriptionConfig-version.cmake
[1.087s] -- Up-to-date: /home/laura/auroraPractice/atm_ws/src/install/c_atm_description/share/c_atm_description/package.xml
[1.096s] Invoked command in '/home/laura/auroraPractice/atm_ws/src/build/c_atm_description' returned '0': CMAKE_PREFIX_PATH=/opt/ros/humble /usr/bin/cmake --install /home/laura/auroraPractice/atm_ws/src/build/c_atm_description
