-- Install configuration: ""
-- Up-to-date: /home/laura/auroraPractice/atm_ws/src/install/c_atm_description/share/c_atm_description/urdf
-- Installing: /home/laura/auroraPractice/atm_ws/src/install/c_atm_description/share/c_atm_description/urdf/atm.urdf
-- Installing: /home/laura/auroraPractice/atm_ws/src/install/c_atm_description/share/c_atm_description/urdf/atm_gazebo.xacro
-- Up-to-date: /home/laura/auroraPractice/atm_ws/src/install/c_atm_description/share/c_atm_description/meshes
-- Up-to-date: /home/laura/auroraPractice/atm_ws/src/install/c_atm_description/share/c_atm_description/meshes/right_tire.stl
-- Up-to-date: /home/laura/auroraPractice/atm_ws/src/install/c_atm_description/share/c_atm_description/meshes/burger_base.stl
-- Up-to-date: /home/laura/auroraPractice/atm_ws/src/install/c_atm_description/share/c_atm_description/meshes/left_tire.stl
-- Up-to-date: /home/laura/auroraPractice/atm_ws/src/install/c_atm_description/share/ament_index/resource_index/package_run_dependencies/c_atm_description
-- Up-to-date: /home/laura/auroraPractice/atm_ws/src/install/c_atm_description/share/ament_index/resource_index/parent_prefix_path/c_atm_description
-- Up-to-date: /home/laura/auroraPractice/atm_ws/src/install/c_atm_description/share/c_atm_description/environment/ament_prefix_path.sh
-- Up-to-date: /home/laura/auroraPractice/atm_ws/src/install/c_atm_description/share/c_atm_description/environment/ament_prefix_path.dsv
-- Up-to-date: /home/laura/auroraPractice/atm_ws/src/install/c_atm_description/share/c_atm_description/environment/path.sh
-- Up-to-date: /home/laura/auroraPractice/atm_ws/src/install/c_atm_description/share/c_atm_description/environment/path.dsv
-- Up-to-date: /home/laura/auroraPractice/atm_ws/src/install/c_atm_description/share/c_atm_description/local_setup.bash
-- Up-to-date: /home/laura/auroraPractice/atm_ws/src/install/c_atm_description/share/c_atm_description/local_setup.sh
-- Up-to-date: /home/laura/auroraPractice/atm_ws/src/install/c_atm_description/share/c_atm_description/local_setup.zsh
-- Up-to-date: /home/laura/auroraPractice/atm_ws/src/install/c_atm_description/share/c_atm_description/local_setup.dsv
-- Installing: /home/laura/auroraPractice/atm_ws/src/install/c_atm_description/share/c_atm_description/package.dsv
-- Up-to-date: /home/laura/auroraPractice/atm_ws/src/install/c_atm_description/share/ament_index/resource_index/packages/c_atm_description
-- Up-to-date: /home/laura/auroraPractice/atm_ws/src/install/c_atm_description/share/c_atm_description/cmake/c_atm_descriptionConfig.cmake
-- Up-to-date: /home/laura/auroraPractice/atm_ws/src/install/c_atm_description/share/c_atm_description/cmake/c_atm_descriptionConfig-version.cmake
-- Up-to-date: /home/laura/auroraPractice/atm_ws/src/install/c_atm_description/share/c_atm_description/package.xml
