[0.206s] Invoking command in '/home/laura/auroraPractice/atm_ws/src/build/c_atm_description': CMAKE_PREFIX_PATH=/opt/ros/humble /usr/bin/cmake --build /home/laura/auroraPractice/atm_ws/src/build/c_atm_description -- -j4 -l4
[1.043s] Invoked command in '/home/laura/auroraPractice/atm_ws/src/build/c_atm_description' returned '0': CMAKE_PREFIX_PATH=/opt/ros/humble /usr/bin/cmake --build /home/laura/auroraPractice/atm_ws/src/build/c_atm_description -- -j4 -l4
[1.173s] Invoking command in '/home/laura/auroraPractice/atm_ws/src/build/c_atm_description': CMAKE_PREFIX_PATH=/opt/ros/humble /usr/bin/cmake --install /home/laura/auroraPractice/atm_ws/src/build/c_atm_description
[1.254s] -- Install configuration: ""
[1.256s] -- Up-to-date: /home/laura/auroraPractice/atm_ws/src/install/c_atm_description/share/c_atm_description/urdf
[1.257s] -- Installing: /home/laura/auroraPractice/atm_ws/src/install/c_atm_description/share/c_atm_description/urdf/atm.urdf
[1.261s] -- Installing: /home/laura/auroraPractice/atm_ws/src/install/c_atm_description/share/c_atm_description/urdf/atm_gazebo.xacro
[1.263s] -- Up-to-date: /home/laura/auroraPractice/atm_ws/src/install/c_atm_description/share/c_atm_description/meshes
[1.271s] -- Up-to-date: /home/laura/auroraPractice/atm_ws/src/install/c_atm_description/share/c_atm_description/meshes/right_tire.stl
[1.274s] -- Up-to-date: /home/laura/auroraPractice/atm_ws/src/install/c_atm_description/share/c_atm_description/meshes/burger_base.stl
[1.275s] -- Up-to-date: /home/laura/auroraPractice/atm_ws/src/install/c_atm_description/share/c_atm_description/meshes/left_tire.stl
[1.276s] -- Up-to-date: /home/laura/auroraPractice/atm_ws/src/install/c_atm_description/share/ament_index/resource_index/package_run_dependencies/c_atm_description
[1.298s] -- Up-to-date: /home/laura/auroraPractice/atm_ws/src/install/c_atm_description/share/ament_index/resource_index/parent_prefix_path/c_atm_description
[1.305s] -- Up-to-date: /home/laura/auroraPractice/atm_ws/src/install/c_atm_description/share/c_atm_description/environment/ament_prefix_path.sh
[1.307s] -- Up-to-date: /home/laura/auroraPractice/atm_ws/src/install/c_atm_description/share/c_atm_description/environment/ament_prefix_path.dsv
[1.309s] -- Up-to-date: /home/laura/auroraPractice/atm_ws/src/install/c_atm_description/share/c_atm_description/environment/path.sh
[1.310s] -- Up-to-date: /home/laura/auroraPractice/atm_ws/src/install/c_atm_description/share/c_atm_description/environment/path.dsv
[1.312s] -- Up-to-date: /home/laura/auroraPractice/atm_ws/src/install/c_atm_description/share/c_atm_description/local_setup.bash
[1.313s] -- Up-to-date: /home/laura/auroraPractice/atm_ws/src/install/c_atm_description/share/c_atm_description/local_setup.sh
[1.314s] -- Up-to-date: /home/laura/auroraPractice/atm_ws/src/install/c_atm_description/share/c_atm_description/local_setup.zsh
[1.315s] -- Up-to-date: /home/laura/auroraPractice/atm_ws/src/install/c_atm_description/share/c_atm_description/local_setup.dsv
[1.327s] -- Installing: /home/laura/auroraPractice/atm_ws/src/install/c_atm_description/share/c_atm_description/package.dsv
[1.329s] -- Up-to-date: /home/laura/auroraPractice/atm_ws/src/install/c_atm_description/share/ament_index/resource_index/packages/c_atm_description
[1.330s] -- Up-to-date: /home/laura/auroraPractice/atm_ws/src/install/c_atm_description/share/c_atm_description/cmake/c_atm_descriptionConfig.cmake
[1.331s] -- Up-to-date: /home/laura/auroraPractice/atm_ws/src/install/c_atm_description/share/c_atm_description/cmake/c_atm_descriptionConfig-version.cmake
[1.332s] -- Up-to-date: /home/laura/auroraPractice/atm_ws/src/install/c_atm_description/share/c_atm_description/package.xml
[1.354s] Invoked command in '/home/laura/auroraPractice/atm_ws/src/build/c_atm_description' returned '0': CMAKE_PREFIX_PATH=/opt/ros/humble /usr/bin/cmake --install /home/laura/auroraPractice/atm_ws/src/build/c_atm_description
