[2.584s] DEBUG:colcon:Command line arguments: ['/usr/bin/colcon', 'build']
[2.585s] DEBUG:colcon:Parsed command line arguments: Namespace(log_base=None, log_level=None, verb_name='build', build_base='build', install_base='install', merge_install=False, symlink_install=False, test_result_base=None, continue_on_error=False, executor='parallel', parallel_workers=4, event_handlers=None, ignore_user_meta=False, metas=['./colcon.meta'], base_paths=['.'], packages_ignore=None, packages_ignore_regex=None, paths=None, packages_up_to=None, packages_up_to_regex=None, packages_above=None, packages_above_and_dependencies=None, packages_above_depth=None, packages_select_by_dep=None, packages_skip_by_dep=None, packages_skip_up_to=None, packages_select_build_failed=False, packages_skip_build_finished=False, packages_select_test_failures=False, packages_skip_test_passed=False, packages_select=None, packages_skip=None, packages_select_regex=None, packages_skip_regex=None, packages_start=None, packages_end=None, allow_overriding=[], cmake_args=None, cmake_target=None, cmake_target_skip_unavailable=False, cmake_clean_cache=False, cmake_clean_first=False, cmake_force_configure=False, ament_cmake_args=None, catkin_cmake_args=None, catkin_skip_building_tests=False, mixin_files=None, mixin=None, verb_parser=<colcon_mixin.mixin.mixin_argument.MixinArgumentDecorator object at 0x735d8b3fde10>, verb_extension=<colcon_core.verb.build.BuildVerb object at 0x735d8b5d33a0>, main=<bound method BuildVerb.main of <colcon_core.verb.build.BuildVerb object at 0x735d8b5d33a0>>, mixin_verb=('build',))
[8.264s] Level 1:colcon.colcon_core.package_discovery:discover_packages(colcon_meta) check parameters
[8.265s] Level 1:colcon.colcon_core.package_discovery:discover_packages(recursive) check parameters
[8.266s] Level 1:colcon.colcon_core.package_discovery:discover_packages(ignore) check parameters
[8.266s] Level 1:colcon.colcon_core.package_discovery:discover_packages(path) check parameters
[8.267s] Level 1:colcon.colcon_core.package_discovery:discover_packages(colcon_meta) discover
[8.268s] Level 1:colcon.colcon_core.package_discovery:discover_packages(recursive) discover
[8.268s] INFO:colcon.colcon_core.package_discovery:Crawling recursively for packages in '/home/laura/auroraPractice/atm_ws/src'
[8.269s] Level 1:colcon.colcon_core.package_identification:_identify(.) by extensions ['ignore', 'ignore_ament_install']
[8.271s] Level 1:colcon.colcon_core.package_identification:_identify(.) by extension 'ignore'
[8.272s] Level 1:colcon.colcon_core.package_identification:_identify(.) by extension 'ignore_ament_install'
[8.273s] Level 1:colcon.colcon_core.package_identification:_identify(.) by extensions ['colcon_pkg']
[8.273s] Level 1:colcon.colcon_core.package_identification:_identify(.) by extension 'colcon_pkg'
[8.274s] Level 1:colcon.colcon_core.package_identification:_identify(.) by extensions ['colcon_meta']
[8.274s] Level 1:colcon.colcon_core.package_identification:_identify(.) by extension 'colcon_meta'
[8.275s] Level 1:colcon.colcon_core.package_identification:_identify(.) by extensions ['ros']
[8.276s] Level 1:colcon.colcon_core.package_identification:_identify(.) by extension 'ros'
[8.702s] Level 1:colcon.colcon_core.package_identification:_identify(.) by extensions ['cmake', 'python']
[8.703s] Level 1:colcon.colcon_core.package_identification:_identify(.) by extension 'cmake'
[8.704s] Level 1:colcon.colcon_core.package_identification:_identify(.) by extension 'python'
[8.704s] Level 1:colcon.colcon_core.package_identification:_identify(.) by extensions ['python_setup_py']
[8.705s] Level 1:colcon.colcon_core.package_identification:_identify(.) by extension 'python_setup_py'
[8.708s] Level 1:colcon.colcon_core.package_identification:_identify(build) by extensions ['ignore', 'ignore_ament_install']
[8.709s] Level 1:colcon.colcon_core.package_identification:_identify(build) by extension 'ignore'
[8.710s] Level 1:colcon.colcon_core.package_identification:_identify(build) ignored
[8.713s] Level 1:colcon.colcon_core.package_identification:_identify(c_atm_description) by extensions ['ignore', 'ignore_ament_install']
[8.717s] Level 1:colcon.colcon_core.package_identification:_identify(c_atm_description) by extension 'ignore'
[8.718s] Level 1:colcon.colcon_core.package_identification:_identify(c_atm_description) by extension 'ignore_ament_install'
[8.720s] Level 1:colcon.colcon_core.package_identification:_identify(c_atm_description) by extensions ['colcon_pkg']
[8.720s] Level 1:colcon.colcon_core.package_identification:_identify(c_atm_description) by extension 'colcon_pkg'
[8.721s] Level 1:colcon.colcon_core.package_identification:_identify(c_atm_description) by extensions ['colcon_meta']
[8.722s] Level 1:colcon.colcon_core.package_identification:_identify(c_atm_description) by extension 'colcon_meta'
[8.723s] Level 1:colcon.colcon_core.package_identification:_identify(c_atm_description) by extensions ['ros']
[8.724s] Level 1:colcon.colcon_core.package_identification:_identify(c_atm_description) by extension 'ros'
[8.758s] DEBUG:colcon.colcon_core.package_identification:Package 'c_atm_description' with type 'ros.ament_cmake' and name 'c_atm_description'
[8.760s] Level 1:colcon.colcon_core.package_identification:_identify(install) by extensions ['ignore', 'ignore_ament_install']
[8.761s] Level 1:colcon.colcon_core.package_identification:_identify(install) by extension 'ignore'
[8.762s] Level 1:colcon.colcon_core.package_identification:_identify(install) ignored
[8.763s] Level 1:colcon.colcon_core.package_identification:_identify(log) by extensions ['ignore', 'ignore_ament_install']
[8.765s] Level 1:colcon.colcon_core.package_identification:_identify(log) by extension 'ignore'
[8.766s] Level 1:colcon.colcon_core.package_identification:_identify(log) ignored
[8.767s] Level 1:colcon.colcon_core.package_discovery:discover_packages(recursive) using defaults
[8.768s] Level 1:colcon.colcon_core.package_discovery:discover_packages(ignore) discover
[8.768s] Level 1:colcon.colcon_core.package_discovery:discover_packages(ignore) using defaults
[8.768s] Level 1:colcon.colcon_core.package_discovery:discover_packages(path) discover
[8.769s] Level 1:colcon.colcon_core.package_discovery:discover_packages(path) using defaults
[8.990s] Level 1:colcon.colcon_core.package_discovery:discover_packages(prefix_path) check parameters
[8.991s] Level 1:colcon.colcon_core.package_discovery:discover_packages(prefix_path) discover
[9.054s] DEBUG:colcon.colcon_installed_package_information.package_discovery:Found 337 installed packages in /opt/ros/humble
[9.074s] Level 1:colcon.colcon_core.package_discovery:discover_packages(prefix_path) using defaults
[10.023s] Level 5:colcon.colcon_core.verb:set package 'c_atm_description' build argument 'cmake_args' from command line to 'None'
[10.023s] Level 5:colcon.colcon_core.verb:set package 'c_atm_description' build argument 'cmake_target' from command line to 'None'
[10.023s] Level 5:colcon.colcon_core.verb:set package 'c_atm_description' build argument 'cmake_target_skip_unavailable' from command line to 'False'
[10.025s] Level 5:colcon.colcon_core.verb:set package 'c_atm_description' build argument 'cmake_clean_cache' from command line to 'False'
[10.025s] Level 5:colcon.colcon_core.verb:set package 'c_atm_description' build argument 'cmake_clean_first' from command line to 'False'
[10.026s] Level 5:colcon.colcon_core.verb:set package 'c_atm_description' build argument 'cmake_force_configure' from command line to 'False'
[10.026s] Level 5:colcon.colcon_core.verb:set package 'c_atm_description' build argument 'ament_cmake_args' from command line to 'None'
[10.026s] Level 5:colcon.colcon_core.verb:set package 'c_atm_description' build argument 'catkin_cmake_args' from command line to 'None'
[10.026s] Level 5:colcon.colcon_core.verb:set package 'c_atm_description' build argument 'catkin_skip_building_tests' from command line to 'False'
[10.029s] DEBUG:colcon.colcon_core.verb:Building package 'c_atm_description' with the following arguments: {'ament_cmake_args': None, 'build_base': '/home/laura/auroraPractice/atm_ws/src/build/c_atm_description', 'catkin_cmake_args': None, 'catkin_skip_building_tests': False, 'cmake_args': None, 'cmake_clean_cache': False, 'cmake_clean_first': False, 'cmake_force_configure': False, 'cmake_target': None, 'cmake_target_skip_unavailable': False, 'install_base': '/home/laura/auroraPractice/atm_ws/src/install/c_atm_description', 'merge_install': False, 'path': '/home/laura/auroraPractice/atm_ws/src/c_atm_description', 'symlink_install': False, 'test_result_base': None}
[10.031s] INFO:colcon.colcon_core.executor:Executing jobs using 'parallel' executor
[10.039s] DEBUG:colcon.colcon_parallel_executor.executor.parallel:run_until_complete
[10.047s] INFO:colcon.colcon_ros.task.ament_cmake.build:Building ROS package in '/home/laura/auroraPractice/atm_ws/src/c_atm_description' with build type 'ament_cmake'
[10.049s] INFO:colcon.colcon_cmake.task.cmake.build:Building CMake package in '/home/laura/auroraPractice/atm_ws/src/c_atm_description'
[10.100s] INFO:colcon.colcon_core.plugin_system:Skipping extension 'colcon_core.shell.bat': Not used on non-Windows systems
[10.104s] INFO:colcon.colcon_core.shell:Skip shell extension 'powershell' for command environment: Not usable outside of PowerShell
[10.106s] DEBUG:colcon.colcon_core.shell:Skip shell extension 'dsv' for command environment
[10.237s] DEBUG:colcon.colcon_core.event_handler.log_command:Invoking command in '/home/laura/auroraPractice/atm_ws/src/build/c_atm_description': CMAKE_PREFIX_PATH=/opt/ros/humble /usr/bin/cmake --build /home/laura/auroraPractice/atm_ws/src/build/c_atm_description -- -j4 -l4
[10.866s] DEBUG:colcon.colcon_core.event_handler.log_command:Invoked command in '/home/laura/auroraPractice/atm_ws/src/build/c_atm_description' returned '0': CMAKE_PREFIX_PATH=/opt/ros/humble /usr/bin/cmake --build /home/laura/auroraPractice/atm_ws/src/build/c_atm_description -- -j4 -l4
[10.952s] DEBUG:colcon.colcon_core.event_handler.log_command:Invoking command in '/home/laura/auroraPractice/atm_ws/src/build/c_atm_description': CMAKE_PREFIX_PATH=/opt/ros/humble /usr/bin/cmake --install /home/laura/auroraPractice/atm_ws/src/build/c_atm_description
[11.140s] Level 1:colcon.colcon_core.environment:create_environment_scripts_only(c_atm_description)
[11.145s] DEBUG:colcon.colcon_core.event_handler.log_command:Invoked command in '/home/laura/auroraPractice/atm_ws/src/build/c_atm_description' returned '0': CMAKE_PREFIX_PATH=/opt/ros/humble /usr/bin/cmake --install /home/laura/auroraPractice/atm_ws/src/build/c_atm_description
[11.221s] Level 1:colcon.colcon_core.environment:checking '/home/laura/auroraPractice/atm_ws/src/install/c_atm_description' for CMake module files
[11.235s] Level 1:colcon.colcon_core.environment:checking '/home/laura/auroraPractice/atm_ws/src/install/c_atm_description' for CMake config files
[11.241s] Level 1:colcon.colcon_core.shell:create_environment_hook('c_atm_description', 'cmake_prefix_path')
[11.243s] INFO:colcon.colcon_core.shell:Creating environment hook '/home/laura/auroraPractice/atm_ws/src/install/c_atm_description/share/c_atm_description/hook/cmake_prefix_path.ps1'
[11.253s] INFO:colcon.colcon_core.shell:Creating environment descriptor '/home/laura/auroraPractice/atm_ws/src/install/c_atm_description/share/c_atm_description/hook/cmake_prefix_path.dsv'
[11.262s] INFO:colcon.colcon_core.shell:Creating environment hook '/home/laura/auroraPractice/atm_ws/src/install/c_atm_description/share/c_atm_description/hook/cmake_prefix_path.sh'
[11.274s] Level 1:colcon.colcon_core.environment:checking '/home/laura/auroraPractice/atm_ws/src/install/c_atm_description/bin'
[11.276s] Level 1:colcon.colcon_core.environment:checking '/home/laura/auroraPractice/atm_ws/src/install/c_atm_description/lib/pkgconfig/c_atm_description.pc'
[11.279s] Level 1:colcon.colcon_core.environment:checking '/home/laura/auroraPractice/atm_ws/src/install/c_atm_description/lib/python3.10/site-packages'
[11.285s] Level 1:colcon.colcon_core.environment:checking '/home/laura/auroraPractice/atm_ws/src/install/c_atm_description/bin'
[11.289s] INFO:colcon.colcon_core.shell:Creating package script '/home/laura/auroraPractice/atm_ws/src/install/c_atm_description/share/c_atm_description/package.ps1'
[11.323s] INFO:colcon.colcon_core.shell:Creating package descriptor '/home/laura/auroraPractice/atm_ws/src/install/c_atm_description/share/c_atm_description/package.dsv'
[11.338s] INFO:colcon.colcon_core.shell:Creating package script '/home/laura/auroraPractice/atm_ws/src/install/c_atm_description/share/c_atm_description/package.sh'
[11.347s] INFO:colcon.colcon_core.shell:Creating package script '/home/laura/auroraPractice/atm_ws/src/install/c_atm_description/share/c_atm_description/package.bash'
[11.358s] INFO:colcon.colcon_core.shell:Creating package script '/home/laura/auroraPractice/atm_ws/src/install/c_atm_description/share/c_atm_description/package.zsh'
[11.367s] Level 1:colcon.colcon_core.environment:create_file_with_runtime_dependencies(/home/laura/auroraPractice/atm_ws/src/install/c_atm_description/share/colcon-core/packages/c_atm_description)
[11.376s] Level 1:colcon.colcon_core.environment:create_environment_scripts_only(c_atm_description)
[11.378s] Level 1:colcon.colcon_core.environment:checking '/home/laura/auroraPractice/atm_ws/src/install/c_atm_description' for CMake module files
[11.384s] Level 1:colcon.colcon_core.environment:checking '/home/laura/auroraPractice/atm_ws/src/install/c_atm_description' for CMake config files
[11.388s] Level 1:colcon.colcon_core.shell:create_environment_hook('c_atm_description', 'cmake_prefix_path')
[11.392s] INFO:colcon.colcon_core.shell:Creating environment hook '/home/laura/auroraPractice/atm_ws/src/install/c_atm_description/share/c_atm_description/hook/cmake_prefix_path.ps1'
[11.397s] INFO:colcon.colcon_core.shell:Creating environment descriptor '/home/laura/auroraPractice/atm_ws/src/install/c_atm_description/share/c_atm_description/hook/cmake_prefix_path.dsv'
[11.402s] INFO:colcon.colcon_core.shell:Creating environment hook '/home/laura/auroraPractice/atm_ws/src/install/c_atm_description/share/c_atm_description/hook/cmake_prefix_path.sh'
[11.407s] Level 1:colcon.colcon_core.environment:checking '/home/laura/auroraPractice/atm_ws/src/install/c_atm_description/bin'
[11.409s] Level 1:colcon.colcon_core.environment:checking '/home/laura/auroraPractice/atm_ws/src/install/c_atm_description/lib/pkgconfig/c_atm_description.pc'
[11.411s] Level 1:colcon.colcon_core.environment:checking '/home/laura/auroraPractice/atm_ws/src/install/c_atm_description/lib/python3.10/site-packages'
[11.413s] Level 1:colcon.colcon_core.environment:checking '/home/laura/auroraPractice/atm_ws/src/install/c_atm_description/bin'
[11.416s] INFO:colcon.colcon_core.shell:Creating package script '/home/laura/auroraPractice/atm_ws/src/install/c_atm_description/share/c_atm_description/package.ps1'
[11.422s] INFO:colcon.colcon_core.shell:Creating package descriptor '/home/laura/auroraPractice/atm_ws/src/install/c_atm_description/share/c_atm_description/package.dsv'
[11.428s] INFO:colcon.colcon_core.shell:Creating package script '/home/laura/auroraPractice/atm_ws/src/install/c_atm_description/share/c_atm_description/package.sh'
[11.437s] INFO:colcon.colcon_core.shell:Creating package script '/home/laura/auroraPractice/atm_ws/src/install/c_atm_description/share/c_atm_description/package.bash'
[11.442s] INFO:colcon.colcon_core.shell:Creating package script '/home/laura/auroraPractice/atm_ws/src/install/c_atm_description/share/c_atm_description/package.zsh'
[11.452s] Level 1:colcon.colcon_core.environment:create_file_with_runtime_dependencies(/home/laura/auroraPractice/atm_ws/src/install/c_atm_description/share/colcon-core/packages/c_atm_description)
[11.457s] DEBUG:colcon.colcon_parallel_executor.executor.parallel:closing loop
[11.463s] DEBUG:colcon.colcon_parallel_executor.executor.parallel:loop closed
[11.463s] DEBUG:colcon.colcon_parallel_executor.executor.parallel:run_until_complete finished with '0'
[11.471s] DEBUG:colcon.colcon_core.event_reactor:joining thread
[12.090s] INFO:colcon.colcon_core.plugin_system:Skipping extension 'colcon_notification.desktop_notification.notify_send': Could not find 'notify-send'
[12.091s] INFO:colcon.colcon_core.plugin_system:Skipping extension 'colcon_notification.desktop_notification.terminal_notifier': Not used on non-Darwin systems
[12.092s] INFO:colcon.colcon_core.plugin_system:Skipping extension 'colcon_notification.desktop_notification.win32': Not used on non-Windows systems
[12.092s] INFO:colcon.colcon_notification.desktop_notification:Sending desktop notification using 'notify2'
[12.112s] DEBUG:colcon.colcon_notification.desktop_notification.notify2:Failed to initialize notify2: org.freedesktop.DBus.Error.ServiceUnknown: The name org.freedesktop.Notifications was not provided by any .service files
[12.113s] DEBUG:colcon.colcon_core.event_reactor:joined thread
[12.115s] INFO:colcon.colcon_core.shell:Creating prefix script '/home/laura/auroraPractice/atm_ws/src/install/local_setup.ps1'
[12.124s] INFO:colcon.colcon_core.shell:Creating prefix util module '/home/laura/auroraPractice/atm_ws/src/install/_local_setup_util_ps1.py'
[12.142s] INFO:colcon.colcon_core.shell:Creating prefix chain script '/home/laura/auroraPractice/atm_ws/src/install/setup.ps1'
[12.155s] INFO:colcon.colcon_core.shell:Creating prefix script '/home/laura/auroraPractice/atm_ws/src/install/local_setup.sh'
[12.162s] INFO:colcon.colcon_core.shell:Creating prefix util module '/home/laura/auroraPractice/atm_ws/src/install/_local_setup_util_sh.py'
[12.171s] INFO:colcon.colcon_core.shell:Creating prefix chain script '/home/laura/auroraPractice/atm_ws/src/install/setup.sh'
[12.185s] INFO:colcon.colcon_core.shell:Creating prefix script '/home/laura/auroraPractice/atm_ws/src/install/local_setup.bash'
[12.193s] INFO:colcon.colcon_core.shell:Creating prefix chain script '/home/laura/auroraPractice/atm_ws/src/install/setup.bash'
[12.207s] INFO:colcon.colcon_core.shell:Creating prefix script '/home/laura/auroraPractice/atm_ws/src/install/local_setup.zsh'
[12.214s] INFO:colcon.colcon_core.shell:Creating prefix chain script '/home/laura/auroraPractice/atm_ws/src/install/setup.zsh'
