[3.665s] DEBUG:colcon:Command line arguments: ['/usr/bin/colcon', 'build']
[3.666s] DEBUG:colcon:Parsed command line arguments: Namespace(log_base=None, log_level=None, verb_name='build', build_base='build', install_base='install', merge_install=False, symlink_install=False, test_result_base=None, continue_on_error=False, executor='parallel', parallel_workers=4, event_handlers=None, ignore_user_meta=False, metas=['./colcon.meta'], base_paths=['.'], packages_ignore=None, packages_ignore_regex=None, paths=None, packages_up_to=None, packages_up_to_regex=None, packages_above=None, packages_above_and_dependencies=None, packages_above_depth=None, packages_select_by_dep=None, packages_skip_by_dep=None, packages_skip_up_to=None, packages_select_build_failed=False, packages_skip_build_finished=False, packages_select_test_failures=False, packages_skip_test_passed=False, packages_select=None, packages_skip=None, packages_select_regex=None, packages_skip_regex=None, packages_start=None, packages_end=None, allow_overriding=[], cmake_args=None, cmake_target=None, cmake_target_skip_unavailable=False, cmake_clean_cache=False, cmake_clean_first=False, cmake_force_configure=False, ament_cmake_args=None, catkin_cmake_args=None, catkin_skip_building_tests=False, mixin_files=None, mixin=None, verb_parser=<colcon_mixin.mixin.mixin_argument.MixinArgumentDecorator object at 0x7db20e04ddb0>, verb_extension=<colcon_core.verb.build.BuildVerb object at 0x7db20e1c7340>, main=<bound method BuildVerb.main of <colcon_core.verb.build.BuildVerb object at 0x7db20e1c7340>>, mixin_verb=('build',))
[6.850s] Level 1:colcon.colcon_core.package_discovery:discover_packages(colcon_meta) check parameters
[6.851s] Level 1:colcon.colcon_core.package_discovery:discover_packages(recursive) check parameters
[6.853s] Level 1:colcon.colcon_core.package_discovery:discover_packages(ignore) check parameters
[6.854s] Level 1:colcon.colcon_core.package_discovery:discover_packages(path) check parameters
[6.854s] Level 1:colcon.colcon_core.package_discovery:discover_packages(colcon_meta) discover
[6.855s] Level 1:colcon.colcon_core.package_discovery:discover_packages(recursive) discover
[6.856s] INFO:colcon.colcon_core.package_discovery:Crawling recursively for packages in '/home/laura/auroraPractice/atm_ws/src'
[6.856s] Level 1:colcon.colcon_core.package_identification:_identify(.) by extensions ['ignore', 'ignore_ament_install']
[6.858s] Level 1:colcon.colcon_core.package_identification:_identify(.) by extension 'ignore'
[6.859s] Level 1:colcon.colcon_core.package_identification:_identify(.) by extension 'ignore_ament_install'
[6.860s] Level 1:colcon.colcon_core.package_identification:_identify(.) by extensions ['colcon_pkg']
[6.860s] Level 1:colcon.colcon_core.package_identification:_identify(.) by extension 'colcon_pkg'
[6.861s] Level 1:colcon.colcon_core.package_identification:_identify(.) by extensions ['colcon_meta']
[6.861s] Level 1:colcon.colcon_core.package_identification:_identify(.) by extension 'colcon_meta'
[6.862s] Level 1:colcon.colcon_core.package_identification:_identify(.) by extensions ['ros']
[6.862s] Level 1:colcon.colcon_core.package_identification:_identify(.) by extension 'ros'
[7.297s] Level 1:colcon.colcon_core.package_identification:_identify(.) by extensions ['cmake', 'python']
[7.298s] Level 1:colcon.colcon_core.package_identification:_identify(.) by extension 'cmake'
[7.299s] Level 1:colcon.colcon_core.package_identification:_identify(.) by extension 'python'
[7.299s] Level 1:colcon.colcon_core.package_identification:_identify(.) by extensions ['python_setup_py']
[7.300s] Level 1:colcon.colcon_core.package_identification:_identify(.) by extension 'python_setup_py'
[7.301s] Level 1:colcon.colcon_core.package_identification:_identify(build) by extensions ['ignore', 'ignore_ament_install']
[7.303s] Level 1:colcon.colcon_core.package_identification:_identify(build) by extension 'ignore'
[7.304s] Level 1:colcon.colcon_core.package_identification:_identify(build) ignored
[7.306s] Level 1:colcon.colcon_core.package_identification:_identify(c_atm_description) by extensions ['ignore', 'ignore_ament_install']
[7.307s] Level 1:colcon.colcon_core.package_identification:_identify(c_atm_description) by extension 'ignore'
[7.308s] Level 1:colcon.colcon_core.package_identification:_identify(c_atm_description) by extension 'ignore_ament_install'
[7.309s] Level 1:colcon.colcon_core.package_identification:_identify(c_atm_description) by extensions ['colcon_pkg']
[7.309s] Level 1:colcon.colcon_core.package_identification:_identify(c_atm_description) by extension 'colcon_pkg'
[7.310s] Level 1:colcon.colcon_core.package_identification:_identify(c_atm_description) by extensions ['colcon_meta']
[7.311s] Level 1:colcon.colcon_core.package_identification:_identify(c_atm_description) by extension 'colcon_meta'
[7.311s] Level 1:colcon.colcon_core.package_identification:_identify(c_atm_description) by extensions ['ros']
[7.312s] Level 1:colcon.colcon_core.package_identification:_identify(c_atm_description) by extension 'ros'
[7.342s] DEBUG:colcon.colcon_core.package_identification:Package 'c_atm_description' with type 'ros.ament_cmake' and name 'c_atm_description'
[7.344s] Level 1:colcon.colcon_core.package_identification:_identify(install) by extensions ['ignore', 'ignore_ament_install']
[7.345s] Level 1:colcon.colcon_core.package_identification:_identify(install) by extension 'ignore'
[7.346s] Level 1:colcon.colcon_core.package_identification:_identify(install) ignored
[7.347s] Level 1:colcon.colcon_core.package_identification:_identify(log) by extensions ['ignore', 'ignore_ament_install']
[7.348s] Level 1:colcon.colcon_core.package_identification:_identify(log) by extension 'ignore'
[7.349s] Level 1:colcon.colcon_core.package_identification:_identify(log) ignored
[7.349s] Level 1:colcon.colcon_core.package_discovery:discover_packages(recursive) using defaults
[7.350s] Level 1:colcon.colcon_core.package_discovery:discover_packages(ignore) discover
[7.351s] Level 1:colcon.colcon_core.package_discovery:discover_packages(ignore) using defaults
[7.351s] Level 1:colcon.colcon_core.package_discovery:discover_packages(path) discover
[7.351s] Level 1:colcon.colcon_core.package_discovery:discover_packages(path) using defaults
[7.583s] Level 1:colcon.colcon_core.package_discovery:discover_packages(prefix_path) check parameters
[7.583s] Level 1:colcon.colcon_core.package_discovery:discover_packages(prefix_path) discover
[7.627s] DEBUG:colcon.colcon_installed_package_information.package_discovery:Found 337 installed packages in /opt/ros/humble
[7.646s] Level 1:colcon.colcon_core.package_discovery:discover_packages(prefix_path) using defaults
[8.407s] Level 5:colcon.colcon_core.verb:set package 'c_atm_description' build argument 'cmake_args' from command line to 'None'
[8.407s] Level 5:colcon.colcon_core.verb:set package 'c_atm_description' build argument 'cmake_target' from command line to 'None'
[8.408s] Level 5:colcon.colcon_core.verb:set package 'c_atm_description' build argument 'cmake_target_skip_unavailable' from command line to 'False'
[8.408s] Level 5:colcon.colcon_core.verb:set package 'c_atm_description' build argument 'cmake_clean_cache' from command line to 'False'
[8.409s] Level 5:colcon.colcon_core.verb:set package 'c_atm_description' build argument 'cmake_clean_first' from command line to 'False'
[8.409s] Level 5:colcon.colcon_core.verb:set package 'c_atm_description' build argument 'cmake_force_configure' from command line to 'False'
[8.409s] Level 5:colcon.colcon_core.verb:set package 'c_atm_description' build argument 'ament_cmake_args' from command line to 'None'
[8.410s] Level 5:colcon.colcon_core.verb:set package 'c_atm_description' build argument 'catkin_cmake_args' from command line to 'None'
[8.410s] Level 5:colcon.colcon_core.verb:set package 'c_atm_description' build argument 'catkin_skip_building_tests' from command line to 'False'
[8.411s] DEBUG:colcon.colcon_core.verb:Building package 'c_atm_description' with the following arguments: {'ament_cmake_args': None, 'build_base': '/home/laura/auroraPractice/atm_ws/src/build/c_atm_description', 'catkin_cmake_args': None, 'catkin_skip_building_tests': False, 'cmake_args': None, 'cmake_clean_cache': False, 'cmake_clean_first': False, 'cmake_force_configure': False, 'cmake_target': None, 'cmake_target_skip_unavailable': False, 'install_base': '/home/laura/auroraPractice/atm_ws/src/install/c_atm_description', 'merge_install': False, 'path': '/home/laura/auroraPractice/atm_ws/src/c_atm_description', 'symlink_install': False, 'test_result_base': None}
[8.412s] INFO:colcon.colcon_core.executor:Executing jobs using 'parallel' executor
[8.421s] DEBUG:colcon.colcon_parallel_executor.executor.parallel:run_until_complete
[8.425s] INFO:colcon.colcon_ros.task.ament_cmake.build:Building ROS package in '/home/laura/auroraPractice/atm_ws/src/c_atm_description' with build type 'ament_cmake'
[8.428s] INFO:colcon.colcon_cmake.task.cmake.build:Building CMake package in '/home/laura/auroraPractice/atm_ws/src/c_atm_description'
[8.489s] INFO:colcon.colcon_core.plugin_system:Skipping extension 'colcon_core.shell.bat': Not used on non-Windows systems
[8.492s] INFO:colcon.colcon_core.shell:Skip shell extension 'powershell' for command environment: Not usable outside of PowerShell
[8.493s] DEBUG:colcon.colcon_core.shell:Skip shell extension 'dsv' for command environment
[8.639s] DEBUG:colcon.colcon_core.event_handler.log_command:Invoking command in '/home/laura/auroraPractice/atm_ws/src/build/c_atm_description': CMAKE_PREFIX_PATH=/opt/ros/humble /usr/bin/cmake --build /home/laura/auroraPractice/atm_ws/src/build/c_atm_description -- -j4 -l4
[9.476s] DEBUG:colcon.colcon_core.event_handler.log_command:Invoked command in '/home/laura/auroraPractice/atm_ws/src/build/c_atm_description' returned '0': CMAKE_PREFIX_PATH=/opt/ros/humble /usr/bin/cmake --build /home/laura/auroraPractice/atm_ws/src/build/c_atm_description -- -j4 -l4
[9.607s] DEBUG:colcon.colcon_core.event_handler.log_command:Invoking command in '/home/laura/auroraPractice/atm_ws/src/build/c_atm_description': CMAKE_PREFIX_PATH=/opt/ros/humble /usr/bin/cmake --install /home/laura/auroraPractice/atm_ws/src/build/c_atm_description
[9.780s] Level 1:colcon.colcon_core.environment:create_environment_scripts_only(c_atm_description)
[9.787s] DEBUG:colcon.colcon_core.event_handler.log_command:Invoked command in '/home/laura/auroraPractice/atm_ws/src/build/c_atm_description' returned '0': CMAKE_PREFIX_PATH=/opt/ros/humble /usr/bin/cmake --install /home/laura/auroraPractice/atm_ws/src/build/c_atm_description
[9.853s] Level 1:colcon.colcon_core.environment:checking '/home/laura/auroraPractice/atm_ws/src/install/c_atm_description' for CMake module files
[9.860s] Level 1:colcon.colcon_core.environment:checking '/home/laura/auroraPractice/atm_ws/src/install/c_atm_description' for CMake config files
[9.864s] Level 1:colcon.colcon_core.shell:create_environment_hook('c_atm_description', 'cmake_prefix_path')
[9.868s] INFO:colcon.colcon_core.shell:Creating environment hook '/home/laura/auroraPractice/atm_ws/src/install/c_atm_description/share/c_atm_description/hook/cmake_prefix_path.ps1'
[9.876s] INFO:colcon.colcon_core.shell:Creating environment descriptor '/home/laura/auroraPractice/atm_ws/src/install/c_atm_description/share/c_atm_description/hook/cmake_prefix_path.dsv'
[9.882s] INFO:colcon.colcon_core.shell:Creating environment hook '/home/laura/auroraPractice/atm_ws/src/install/c_atm_description/share/c_atm_description/hook/cmake_prefix_path.sh'
[9.895s] Level 1:colcon.colcon_core.environment:checking '/home/laura/auroraPractice/atm_ws/src/install/c_atm_description/bin'
[9.896s] Level 1:colcon.colcon_core.environment:checking '/home/laura/auroraPractice/atm_ws/src/install/c_atm_description/lib/pkgconfig/c_atm_description.pc'
[9.898s] Level 1:colcon.colcon_core.environment:checking '/home/laura/auroraPractice/atm_ws/src/install/c_atm_description/lib/python3.10/site-packages'
[9.902s] Level 1:colcon.colcon_core.environment:checking '/home/laura/auroraPractice/atm_ws/src/install/c_atm_description/bin'
[9.905s] INFO:colcon.colcon_core.shell:Creating package script '/home/laura/auroraPractice/atm_ws/src/install/c_atm_description/share/c_atm_description/package.ps1'
[9.919s] INFO:colcon.colcon_core.shell:Creating package descriptor '/home/laura/auroraPractice/atm_ws/src/install/c_atm_description/share/c_atm_description/package.dsv'
[9.928s] INFO:colcon.colcon_core.shell:Creating package script '/home/laura/auroraPractice/atm_ws/src/install/c_atm_description/share/c_atm_description/package.sh'
[9.938s] INFO:colcon.colcon_core.shell:Creating package script '/home/laura/auroraPractice/atm_ws/src/install/c_atm_description/share/c_atm_description/package.bash'
[9.949s] INFO:colcon.colcon_core.shell:Creating package script '/home/laura/auroraPractice/atm_ws/src/install/c_atm_description/share/c_atm_description/package.zsh'
[9.957s] Level 1:colcon.colcon_core.environment:create_file_with_runtime_dependencies(/home/laura/auroraPractice/atm_ws/src/install/c_atm_description/share/colcon-core/packages/c_atm_description)
[9.965s] Level 1:colcon.colcon_core.environment:create_environment_scripts_only(c_atm_description)
[9.967s] Level 1:colcon.colcon_core.environment:checking '/home/laura/auroraPractice/atm_ws/src/install/c_atm_description' for CMake module files
[9.973s] Level 1:colcon.colcon_core.environment:checking '/home/laura/auroraPractice/atm_ws/src/install/c_atm_description' for CMake config files
[9.975s] Level 1:colcon.colcon_core.shell:create_environment_hook('c_atm_description', 'cmake_prefix_path')
[9.977s] INFO:colcon.colcon_core.shell:Creating environment hook '/home/laura/auroraPractice/atm_ws/src/install/c_atm_description/share/c_atm_description/hook/cmake_prefix_path.ps1'
[9.984s] INFO:colcon.colcon_core.shell:Creating environment descriptor '/home/laura/auroraPractice/atm_ws/src/install/c_atm_description/share/c_atm_description/hook/cmake_prefix_path.dsv'
[9.992s] INFO:colcon.colcon_core.shell:Creating environment hook '/home/laura/auroraPractice/atm_ws/src/install/c_atm_description/share/c_atm_description/hook/cmake_prefix_path.sh'
[9.999s] Level 1:colcon.colcon_core.environment:checking '/home/laura/auroraPractice/atm_ws/src/install/c_atm_description/bin'
[10.000s] Level 1:colcon.colcon_core.environment:checking '/home/laura/auroraPractice/atm_ws/src/install/c_atm_description/lib/pkgconfig/c_atm_description.pc'
[10.007s] Level 1:colcon.colcon_core.environment:checking '/home/laura/auroraPractice/atm_ws/src/install/c_atm_description/lib/python3.10/site-packages'
[10.014s] Level 1:colcon.colcon_core.environment:checking '/home/laura/auroraPractice/atm_ws/src/install/c_atm_description/bin'
[10.017s] INFO:colcon.colcon_core.shell:Creating package script '/home/laura/auroraPractice/atm_ws/src/install/c_atm_description/share/c_atm_description/package.ps1'
[10.033s] INFO:colcon.colcon_core.shell:Creating package descriptor '/home/laura/auroraPractice/atm_ws/src/install/c_atm_description/share/c_atm_description/package.dsv'
[10.039s] INFO:colcon.colcon_core.shell:Creating package script '/home/laura/auroraPractice/atm_ws/src/install/c_atm_description/share/c_atm_description/package.sh'
[10.049s] INFO:colcon.colcon_core.shell:Creating package script '/home/laura/auroraPractice/atm_ws/src/install/c_atm_description/share/c_atm_description/package.bash'
[10.055s] INFO:colcon.colcon_core.shell:Creating package script '/home/laura/auroraPractice/atm_ws/src/install/c_atm_description/share/c_atm_description/package.zsh'
[10.060s] Level 1:colcon.colcon_core.environment:create_file_with_runtime_dependencies(/home/laura/auroraPractice/atm_ws/src/install/c_atm_description/share/colcon-core/packages/c_atm_description)
[10.062s] DEBUG:colcon.colcon_parallel_executor.executor.parallel:closing loop
[10.067s] DEBUG:colcon.colcon_parallel_executor.executor.parallel:loop closed
[10.069s] DEBUG:colcon.colcon_parallel_executor.executor.parallel:run_until_complete finished with '0'
[10.079s] DEBUG:colcon.colcon_core.event_reactor:joining thread
[10.963s] INFO:colcon.colcon_core.plugin_system:Skipping extension 'colcon_notification.desktop_notification.notify_send': Could not find 'notify-send'
[10.964s] INFO:colcon.colcon_core.plugin_system:Skipping extension 'colcon_notification.desktop_notification.terminal_notifier': Not used on non-Darwin systems
[10.965s] INFO:colcon.colcon_core.plugin_system:Skipping extension 'colcon_notification.desktop_notification.win32': Not used on non-Windows systems
[10.966s] INFO:colcon.colcon_notification.desktop_notification:Sending desktop notification using 'notify2'
[11.001s] DEBUG:colcon.colcon_notification.desktop_notification.notify2:Failed to initialize notify2: org.freedesktop.DBus.Error.ServiceUnknown: The name org.freedesktop.Notifications was not provided by any .service files
[11.002s] DEBUG:colcon.colcon_core.event_reactor:joined thread
[11.005s] INFO:colcon.colcon_core.shell:Creating prefix script '/home/laura/auroraPractice/atm_ws/src/install/local_setup.ps1'
[11.027s] INFO:colcon.colcon_core.shell:Creating prefix util module '/home/laura/auroraPractice/atm_ws/src/install/_local_setup_util_ps1.py'
[11.041s] INFO:colcon.colcon_core.shell:Creating prefix chain script '/home/laura/auroraPractice/atm_ws/src/install/setup.ps1'
[11.056s] INFO:colcon.colcon_core.shell:Creating prefix script '/home/laura/auroraPractice/atm_ws/src/install/local_setup.sh'
[11.062s] INFO:colcon.colcon_core.shell:Creating prefix util module '/home/laura/auroraPractice/atm_ws/src/install/_local_setup_util_sh.py'
[11.072s] INFO:colcon.colcon_core.shell:Creating prefix chain script '/home/laura/auroraPractice/atm_ws/src/install/setup.sh'
[11.088s] INFO:colcon.colcon_core.shell:Creating prefix script '/home/laura/auroraPractice/atm_ws/src/install/local_setup.bash'
[11.098s] INFO:colcon.colcon_core.shell:Creating prefix chain script '/home/laura/auroraPractice/atm_ws/src/install/setup.bash'
[11.113s] INFO:colcon.colcon_core.shell:Creating prefix script '/home/laura/auroraPractice/atm_ws/src/install/local_setup.zsh'
[11.123s] INFO:colcon.colcon_core.shell:Creating prefix chain script '/home/laura/auroraPractice/atm_ws/src/install/setup.zsh'
