[9.316s] DEBUG:colcon:Command line arguments: ['/usr/bin/colcon', 'build']
[9.317s] DEBUG:colcon:Parsed command line arguments: Namespace(log_base=None, log_level=None, verb_name='build', build_base='build', install_base='install', merge_install=False, symlink_install=False, test_result_base=None, continue_on_error=False, executor='parallel', parallel_workers=4, event_handlers=None, ignore_user_meta=False, metas=['./colcon.meta'], base_paths=['.'], packages_ignore=None, packages_ignore_regex=None, paths=None, packages_up_to=None, packages_up_to_regex=None, packages_above=None, packages_above_and_dependencies=None, packages_above_depth=None, packages_select_by_dep=None, packages_skip_by_dep=None, packages_skip_up_to=None, packages_select_build_failed=False, packages_skip_build_finished=False, packages_select_test_failures=False, packages_skip_test_passed=False, packages_select=None, packages_skip=None, packages_select_regex=None, packages_skip_regex=None, packages_start=None, packages_end=None, allow_overriding=[], cmake_args=None, cmake_target=None, cmake_target_skip_unavailable=False, cmake_clean_cache=False, cmake_clean_first=False, cmake_force_configure=False, ament_cmake_args=None, catkin_cmake_args=None, catkin_skip_building_tests=False, mixin_files=None, mixin=None, verb_parser=<colcon_mixin.mixin.mixin_argument.MixinArgumentDecorator object at 0x765477561de0>, verb_extension=<colcon_core.verb.build.BuildVerb object at 0x7654776db370>, main=<bound method BuildVerb.main of <colcon_core.verb.build.BuildVerb object at 0x7654776db370>>, mixin_verb=('build',))
[14.358s] Level 1:colcon.colcon_core.package_discovery:discover_packages(colcon_meta) check parameters
[14.359s] Level 1:colcon.colcon_core.package_discovery:discover_packages(recursive) check parameters
[14.360s] Level 1:colcon.colcon_core.package_discovery:discover_packages(ignore) check parameters
[14.360s] Level 1:colcon.colcon_core.package_discovery:discover_packages(path) check parameters
[14.360s] Level 1:colcon.colcon_core.package_discovery:discover_packages(colcon_meta) discover
[14.362s] Level 1:colcon.colcon_core.package_discovery:discover_packages(recursive) discover
[14.362s] INFO:colcon.colcon_core.package_discovery:Crawling recursively for packages in '/home/laura/auroraPractice/atm_ws/src'
[14.363s] Level 1:colcon.colcon_core.package_identification:_identify(.) by extensions ['ignore', 'ignore_ament_install']
[14.374s] Level 1:colcon.colcon_core.package_identification:_identify(.) by extension 'ignore'
[14.376s] Level 1:colcon.colcon_core.package_identification:_identify(.) by extension 'ignore_ament_install'
[14.377s] Level 1:colcon.colcon_core.package_identification:_identify(.) by extensions ['colcon_pkg']
[14.378s] Level 1:colcon.colcon_core.package_identification:_identify(.) by extension 'colcon_pkg'
[14.390s] Level 1:colcon.colcon_core.package_identification:_identify(.) by extensions ['colcon_meta']
[14.391s] Level 1:colcon.colcon_core.package_identification:_identify(.) by extension 'colcon_meta'
[14.392s] Level 1:colcon.colcon_core.package_identification:_identify(.) by extensions ['ros']
[14.393s] Level 1:colcon.colcon_core.package_identification:_identify(.) by extension 'ros'
[15.197s] Level 1:colcon.colcon_core.package_identification:_identify(.) by extensions ['cmake', 'python']
[15.198s] Level 1:colcon.colcon_core.package_identification:_identify(.) by extension 'cmake'
[15.205s] Level 1:colcon.colcon_core.package_identification:_identify(.) by extension 'python'
[15.206s] Level 1:colcon.colcon_core.package_identification:_identify(.) by extensions ['python_setup_py']
[15.207s] Level 1:colcon.colcon_core.package_identification:_identify(.) by extension 'python_setup_py'
[15.208s] Level 1:colcon.colcon_core.package_identification:_identify(build) by extensions ['ignore', 'ignore_ament_install']
[15.209s] Level 1:colcon.colcon_core.package_identification:_identify(build) by extension 'ignore'
[15.210s] Level 1:colcon.colcon_core.package_identification:_identify(build) ignored
[15.211s] Level 1:colcon.colcon_core.package_identification:_identify(c_atm_description) by extensions ['ignore', 'ignore_ament_install']
[15.218s] Level 1:colcon.colcon_core.package_identification:_identify(c_atm_description) by extension 'ignore'
[15.219s] Level 1:colcon.colcon_core.package_identification:_identify(c_atm_description) by extension 'ignore_ament_install'
[15.220s] Level 1:colcon.colcon_core.package_identification:_identify(c_atm_description) by extensions ['colcon_pkg']
[15.221s] Level 1:colcon.colcon_core.package_identification:_identify(c_atm_description) by extension 'colcon_pkg'
[15.222s] Level 1:colcon.colcon_core.package_identification:_identify(c_atm_description) by extensions ['colcon_meta']
[15.222s] Level 1:colcon.colcon_core.package_identification:_identify(c_atm_description) by extension 'colcon_meta'
[15.223s] Level 1:colcon.colcon_core.package_identification:_identify(c_atm_description) by extensions ['ros']
[15.224s] Level 1:colcon.colcon_core.package_identification:_identify(c_atm_description) by extension 'ros'
[15.247s] DEBUG:colcon.colcon_core.package_identification:Package 'c_atm_description' with type 'ros.ament_cmake' and name 'c_atm_description'
[15.252s] Level 1:colcon.colcon_core.package_identification:_identify(install) by extensions ['ignore', 'ignore_ament_install']
[15.253s] Level 1:colcon.colcon_core.package_identification:_identify(install) by extension 'ignore'
[15.254s] Level 1:colcon.colcon_core.package_identification:_identify(install) ignored
[15.255s] Level 1:colcon.colcon_core.package_identification:_identify(log) by extensions ['ignore', 'ignore_ament_install']
[15.258s] Level 1:colcon.colcon_core.package_identification:_identify(log) by extension 'ignore'
[15.259s] Level 1:colcon.colcon_core.package_identification:_identify(log) ignored
[15.260s] Level 1:colcon.colcon_core.package_discovery:discover_packages(recursive) using defaults
[15.261s] Level 1:colcon.colcon_core.package_discovery:discover_packages(ignore) discover
[15.261s] Level 1:colcon.colcon_core.package_discovery:discover_packages(ignore) using defaults
[15.261s] Level 1:colcon.colcon_core.package_discovery:discover_packages(path) discover
[15.261s] Level 1:colcon.colcon_core.package_discovery:discover_packages(path) using defaults
[15.451s] Level 1:colcon.colcon_core.package_discovery:discover_packages(prefix_path) check parameters
[15.452s] Level 1:colcon.colcon_core.package_discovery:discover_packages(prefix_path) discover
[15.463s] WARNING:colcon.colcon_ros.prefix_path.ament:The path '/home/laura/auroraPractice/atm_ws/src/install/c_atm_description' in the environment variable AMENT_PREFIX_PATH doesn't exist
[15.470s] WARNING:colcon.colcon_ros.prefix_path.catkin:The path '/home/laura/auroraPractice/atm_ws/src/install/c_atm_description' in the environment variable CMAKE_PREFIX_PATH doesn't exist
[15.477s] DEBUG:colcon.colcon_installed_package_information.package_discovery:Found 0 installed packages in /home/laura/auroraPractice/atm_ws/src/install
[15.511s] DEBUG:colcon.colcon_installed_package_information.package_discovery:Found 337 installed packages in /opt/ros/humble
[15.536s] Level 1:colcon.colcon_core.package_discovery:discover_packages(prefix_path) using defaults
[18.347s] Level 5:colcon.colcon_core.verb:set package 'c_atm_description' build argument 'cmake_args' from command line to 'None'
[18.347s] Level 5:colcon.colcon_core.verb:set package 'c_atm_description' build argument 'cmake_target' from command line to 'None'
[18.348s] Level 5:colcon.colcon_core.verb:set package 'c_atm_description' build argument 'cmake_target_skip_unavailable' from command line to 'False'
[18.348s] Level 5:colcon.colcon_core.verb:set package 'c_atm_description' build argument 'cmake_clean_cache' from command line to 'False'
[18.348s] Level 5:colcon.colcon_core.verb:set package 'c_atm_description' build argument 'cmake_clean_first' from command line to 'False'
[18.349s] Level 5:colcon.colcon_core.verb:set package 'c_atm_description' build argument 'cmake_force_configure' from command line to 'False'
[18.349s] Level 5:colcon.colcon_core.verb:set package 'c_atm_description' build argument 'ament_cmake_args' from command line to 'None'
[18.349s] Level 5:colcon.colcon_core.verb:set package 'c_atm_description' build argument 'catkin_cmake_args' from command line to 'None'
[18.350s] Level 5:colcon.colcon_core.verb:set package 'c_atm_description' build argument 'catkin_skip_building_tests' from command line to 'False'
[18.350s] DEBUG:colcon.colcon_core.verb:Building package 'c_atm_description' with the following arguments: {'ament_cmake_args': None, 'build_base': '/home/laura/auroraPractice/atm_ws/src/build/c_atm_description', 'catkin_cmake_args': None, 'catkin_skip_building_tests': False, 'cmake_args': None, 'cmake_clean_cache': False, 'cmake_clean_first': False, 'cmake_force_configure': False, 'cmake_target': None, 'cmake_target_skip_unavailable': False, 'install_base': '/home/laura/auroraPractice/atm_ws/src/install/c_atm_description', 'merge_install': False, 'path': '/home/laura/auroraPractice/atm_ws/src/c_atm_description', 'symlink_install': False, 'test_result_base': None}
[18.351s] INFO:colcon.colcon_core.executor:Executing jobs using 'parallel' executor
[18.825s] DEBUG:colcon.colcon_parallel_executor.executor.parallel:run_until_complete
[19.099s] INFO:colcon.colcon_ros.task.ament_cmake.build:Building ROS package in '/home/laura/auroraPractice/atm_ws/src/c_atm_description' with build type 'ament_cmake'
[19.102s] INFO:colcon.colcon_cmake.task.cmake.build:Building CMake package in '/home/laura/auroraPractice/atm_ws/src/c_atm_description'
[19.145s] INFO:colcon.colcon_core.plugin_system:Skipping extension 'colcon_core.shell.bat': Not used on non-Windows systems
[19.158s] INFO:colcon.colcon_core.shell:Skip shell extension 'powershell' for command environment: Not usable outside of PowerShell
[19.159s] DEBUG:colcon.colcon_core.shell:Skip shell extension 'dsv' for command environment
[22.654s] DEBUG:colcon.colcon_core.event_handler.log_command:Invoking command in '/home/laura/auroraPractice/atm_ws/src/build/c_atm_description': CMAKE_PREFIX_PATH=${CMAKE_PREFIX_PATH}:/opt/ros/humble /usr/bin/cmake /home/laura/auroraPractice/atm_ws/src/c_atm_description -DCMAKE_INSTALL_PREFIX=/home/laura/auroraPractice/atm_ws/src/install/c_atm_description
[40413.184s] DEBUG:colcon.colcon_core.event_handler.log_command:Invoked command in '/home/laura/auroraPractice/atm_ws/src/build/c_atm_description' returned '0': CMAKE_PREFIX_PATH=${CMAKE_PREFIX_PATH}:/opt/ros/humble /usr/bin/cmake /home/laura/auroraPractice/atm_ws/src/c_atm_description -DCMAKE_INSTALL_PREFIX=/home/laura/auroraPractice/atm_ws/src/install/c_atm_description
[40413.217s] DEBUG:colcon.colcon_core.event_handler.log_command:Invoking command in '/home/laura/auroraPractice/atm_ws/src/build/c_atm_description': CMAKE_PREFIX_PATH=${CMAKE_PREFIX_PATH}:/opt/ros/humble /usr/bin/cmake --build /home/laura/auroraPractice/atm_ws/src/build/c_atm_description -- -j4 -l4
[40413.929s] DEBUG:colcon.colcon_core.event_handler.log_command:Invoked command in '/home/laura/auroraPractice/atm_ws/src/build/c_atm_description' returned '0': CMAKE_PREFIX_PATH=${CMAKE_PREFIX_PATH}:/opt/ros/humble /usr/bin/cmake --build /home/laura/auroraPractice/atm_ws/src/build/c_atm_description -- -j4 -l4
[40414.143s] DEBUG:colcon.colcon_core.event_handler.log_command:Invoking command in '/home/laura/auroraPractice/atm_ws/src/build/c_atm_description': CMAKE_PREFIX_PATH=${CMAKE_PREFIX_PATH}:/opt/ros/humble /usr/bin/cmake --install /home/laura/auroraPractice/atm_ws/src/build/c_atm_description
[40417.690s] Level 1:colcon.colcon_core.environment:create_environment_scripts_only(c_atm_description)
[40417.697s] DEBUG:colcon.colcon_core.event_handler.log_command:Invoked command in '/home/laura/auroraPractice/atm_ws/src/build/c_atm_description' returned '0': CMAKE_PREFIX_PATH=${CMAKE_PREFIX_PATH}:/opt/ros/humble /usr/bin/cmake --install /home/laura/auroraPractice/atm_ws/src/build/c_atm_description
[40417.770s] Level 1:colcon.colcon_core.environment:checking '/home/laura/auroraPractice/atm_ws/src/install/c_atm_description' for CMake module files
[40417.786s] Level 1:colcon.colcon_core.environment:checking '/home/laura/auroraPractice/atm_ws/src/install/c_atm_description' for CMake config files
[40417.789s] Level 1:colcon.colcon_core.shell:create_environment_hook('c_atm_description', 'cmake_prefix_path')
[40417.792s] INFO:colcon.colcon_core.shell:Creating environment hook '/home/laura/auroraPractice/atm_ws/src/install/c_atm_description/share/c_atm_description/hook/cmake_prefix_path.ps1'
[40417.819s] INFO:colcon.colcon_core.shell:Creating environment descriptor '/home/laura/auroraPractice/atm_ws/src/install/c_atm_description/share/c_atm_description/hook/cmake_prefix_path.dsv'
[40417.840s] INFO:colcon.colcon_core.shell:Creating environment hook '/home/laura/auroraPractice/atm_ws/src/install/c_atm_description/share/c_atm_description/hook/cmake_prefix_path.sh'
[40417.868s] Level 1:colcon.colcon_core.environment:checking '/home/laura/auroraPractice/atm_ws/src/install/c_atm_description/bin'
[40417.869s] Level 1:colcon.colcon_core.environment:checking '/home/laura/auroraPractice/atm_ws/src/install/c_atm_description/lib/pkgconfig/c_atm_description.pc'
[40417.872s] Level 1:colcon.colcon_core.environment:checking '/home/laura/auroraPractice/atm_ws/src/install/c_atm_description/lib/python3.10/site-packages'
[40417.885s] Level 1:colcon.colcon_core.environment:checking '/home/laura/auroraPractice/atm_ws/src/install/c_atm_description/bin'
[40417.887s] INFO:colcon.colcon_core.shell:Creating package script '/home/laura/auroraPractice/atm_ws/src/install/c_atm_description/share/c_atm_description/package.ps1'
[40417.906s] INFO:colcon.colcon_core.shell:Creating package descriptor '/home/laura/auroraPractice/atm_ws/src/install/c_atm_description/share/c_atm_description/package.dsv'
[40417.920s] INFO:colcon.colcon_core.shell:Creating package script '/home/laura/auroraPractice/atm_ws/src/install/c_atm_description/share/c_atm_description/package.sh'
[40417.938s] INFO:colcon.colcon_core.shell:Creating package script '/home/laura/auroraPractice/atm_ws/src/install/c_atm_description/share/c_atm_description/package.bash'
[40417.967s] INFO:colcon.colcon_core.shell:Creating package script '/home/laura/auroraPractice/atm_ws/src/install/c_atm_description/share/c_atm_description/package.zsh'
[40417.973s] Level 1:colcon.colcon_core.environment:create_file_with_runtime_dependencies(/home/laura/auroraPractice/atm_ws/src/install/c_atm_description/share/colcon-core/packages/c_atm_description)
[40418.003s] Level 1:colcon.colcon_core.environment:create_environment_scripts_only(c_atm_description)
[40418.016s] Level 1:colcon.colcon_core.environment:checking '/home/laura/auroraPractice/atm_ws/src/install/c_atm_description' for CMake module files
[40418.032s] Level 1:colcon.colcon_core.environment:checking '/home/laura/auroraPractice/atm_ws/src/install/c_atm_description' for CMake config files
[40418.034s] Level 1:colcon.colcon_core.shell:create_environment_hook('c_atm_description', 'cmake_prefix_path')
[40418.036s] INFO:colcon.colcon_core.shell:Creating environment hook '/home/laura/auroraPractice/atm_ws/src/install/c_atm_description/share/c_atm_description/hook/cmake_prefix_path.ps1'
[40418.053s] INFO:colcon.colcon_core.shell:Creating environment descriptor '/home/laura/auroraPractice/atm_ws/src/install/c_atm_description/share/c_atm_description/hook/cmake_prefix_path.dsv'
[40418.067s] INFO:colcon.colcon_core.shell:Creating environment hook '/home/laura/auroraPractice/atm_ws/src/install/c_atm_description/share/c_atm_description/hook/cmake_prefix_path.sh'
[40418.098s] Level 1:colcon.colcon_core.environment:checking '/home/laura/auroraPractice/atm_ws/src/install/c_atm_description/bin'
[40418.099s] Level 1:colcon.colcon_core.environment:checking '/home/laura/auroraPractice/atm_ws/src/install/c_atm_description/lib/pkgconfig/c_atm_description.pc'
[40418.101s] Level 1:colcon.colcon_core.environment:checking '/home/laura/auroraPractice/atm_ws/src/install/c_atm_description/lib/python3.10/site-packages'
[40418.114s] Level 1:colcon.colcon_core.environment:checking '/home/laura/auroraPractice/atm_ws/src/install/c_atm_description/bin'
[40418.117s] INFO:colcon.colcon_core.shell:Creating package script '/home/laura/auroraPractice/atm_ws/src/install/c_atm_description/share/c_atm_description/package.ps1'
[40418.133s] INFO:colcon.colcon_core.shell:Creating package descriptor '/home/laura/auroraPractice/atm_ws/src/install/c_atm_description/share/c_atm_description/package.dsv'
[40418.148s] INFO:colcon.colcon_core.shell:Creating package script '/home/laura/auroraPractice/atm_ws/src/install/c_atm_description/share/c_atm_description/package.sh'
[40418.162s] INFO:colcon.colcon_core.shell:Creating package script '/home/laura/auroraPractice/atm_ws/src/install/c_atm_description/share/c_atm_description/package.bash'
[40418.168s] INFO:colcon.colcon_core.shell:Creating package script '/home/laura/auroraPractice/atm_ws/src/install/c_atm_description/share/c_atm_description/package.zsh'
[40418.183s] Level 1:colcon.colcon_core.environment:create_file_with_runtime_dependencies(/home/laura/auroraPractice/atm_ws/src/install/c_atm_description/share/colcon-core/packages/c_atm_description)
[40418.198s] DEBUG:colcon.colcon_parallel_executor.executor.parallel:closing loop
[40418.203s] DEBUG:colcon.colcon_parallel_executor.executor.parallel:loop closed
[40418.211s] DEBUG:colcon.colcon_parallel_executor.executor.parallel:run_until_complete finished with '0'
[40418.213s] DEBUG:colcon.colcon_core.event_reactor:joining thread
[40418.901s] INFO:colcon.colcon_core.plugin_system:Skipping extension 'colcon_notification.desktop_notification.notify_send': Could not find 'notify-send'
[40418.902s] INFO:colcon.colcon_core.plugin_system:Skipping extension 'colcon_notification.desktop_notification.terminal_notifier': Not used on non-Darwin systems
[40418.903s] INFO:colcon.colcon_core.plugin_system:Skipping extension 'colcon_notification.desktop_notification.win32': Not used on non-Windows systems
[40418.904s] INFO:colcon.colcon_notification.desktop_notification:Sending desktop notification using 'notify2'
[40418.922s] DEBUG:colcon.colcon_notification.desktop_notification.notify2:Failed to initialize notify2: org.freedesktop.DBus.Error.ServiceUnknown: The name org.freedesktop.Notifications was not provided by any .service files
[40418.923s] DEBUG:colcon.colcon_core.event_reactor:joined thread
[40418.926s] INFO:colcon.colcon_core.shell:Creating prefix script '/home/laura/auroraPractice/atm_ws/src/install/local_setup.ps1'
[40418.961s] INFO:colcon.colcon_core.shell:Creating prefix util module '/home/laura/auroraPractice/atm_ws/src/install/_local_setup_util_ps1.py'
[40418.982s] INFO:colcon.colcon_core.shell:Creating prefix chain script '/home/laura/auroraPractice/atm_ws/src/install/setup.ps1'
[40419.014s] INFO:colcon.colcon_core.shell:Creating prefix script '/home/laura/auroraPractice/atm_ws/src/install/local_setup.sh'
[40419.031s] INFO:colcon.colcon_core.shell:Creating prefix util module '/home/laura/auroraPractice/atm_ws/src/install/_local_setup_util_sh.py'
[40419.047s] INFO:colcon.colcon_core.shell:Creating prefix chain script '/home/laura/auroraPractice/atm_ws/src/install/setup.sh'
[40419.079s] INFO:colcon.colcon_core.shell:Creating prefix script '/home/laura/auroraPractice/atm_ws/src/install/local_setup.bash'
[40419.095s] INFO:colcon.colcon_core.shell:Creating prefix chain script '/home/laura/auroraPractice/atm_ws/src/install/setup.bash'
[40419.127s] INFO:colcon.colcon_core.shell:Creating prefix script '/home/laura/auroraPractice/atm_ws/src/install/local_setup.zsh'
[40419.132s] INFO:colcon.colcon_core.shell:Creating prefix chain script '/home/laura/auroraPractice/atm_ws/src/install/setup.zsh'
