[3.385s] Invoking command in '/home/laura/auroraPractice/atm_ws/src/build/c_atm_description': CMAKE_PREFIX_PATH=${CMAKE_PREFIX_PATH}:/opt/ros/humble /usr/bin/cmake /home/laura/auroraPractice/atm_ws/src/c_atm_description -DCMAKE_INSTALL_PREFIX=/home/laura/auroraPractice/atm_ws/src/install/c_atm_description
[40.062s] -- The C compiler identification is GNU 11.4.0
[64.759s] -- The CXX compiler identification is GNU 11.4.0
[79.159s] -- Detecting C compiler ABI info
[84.370s] -- Detecting C compiler ABI info - done
[84.547s] -- Check for working C compiler: /usr/bin/cc - skipped
[84.549s] -- Detecting C compile features
[84.562s] -- Detecting C compile features - done
[84.629s] -- Detecting CXX compiler ABI info
[100.403s] -- Detecting CXX compiler ABI info - done
[100.685s] -- Check for working CXX compiler: /usr/bin/c++ - skipped
[100.687s] -- Detecting CXX compile features
[100.700s] -- Detecting CXX compile features - done
[101.029s] -- Found ament_cmake: 1.3.14 (/opt/ros/humble/share/ament_cmake/cmake)
[107.632s] -- Found Python3: /usr/bin/python3 (found version "3.10.12") found components: Interpreter 
[110.220s] -- Found ament_lint_auto: 0.12.15 (/opt/ros/humble/share/ament_lint_auto/cmake)
[113.063s] -- Added test 'lint_cmake' to check CMake code style
[113.111s] -- Added test 'xmllint' to check XML markup files
[113.146s] -- Configuring done
[113.386s] -- Generating done
[113.462s] -- Build files have been written to: /home/laura/auroraPractice/atm_ws/src/build/c_atm_description
[113.552s] Invoked command in '/home/laura/auroraPractice/atm_ws/src/build/c_atm_description' returned '0': CMAKE_PREFIX_PATH=${CMAKE_PREFIX_PATH}:/opt/ros/humble /usr/bin/cmake /home/laura/auroraPractice/atm_ws/src/c_atm_description -DCMAKE_INSTALL_PREFIX=/home/laura/auroraPractice/atm_ws/src/install/c_atm_description
[113.586s] Invoking command in '/home/laura/auroraPractice/atm_ws/src/build/c_atm_description': CMAKE_PREFIX_PATH=${CMAKE_PREFIX_PATH}:/opt/ros/humble /usr/bin/cmake --build /home/laura/auroraPractice/atm_ws/src/build/c_atm_description -- -j4 -l4
[114.298s] Invoked command in '/home/laura/auroraPractice/atm_ws/src/build/c_atm_description' returned '0': CMAKE_PREFIX_PATH=${CMAKE_PREFIX_PATH}:/opt/ros/humble /usr/bin/cmake --build /home/laura/auroraPractice/atm_ws/src/build/c_atm_description -- -j4 -l4
[114.499s] Invoking command in '/home/laura/auroraPractice/atm_ws/src/build/c_atm_description': CMAKE_PREFIX_PATH=${CMAKE_PREFIX_PATH}:/opt/ros/humble /usr/bin/cmake --install /home/laura/auroraPractice/atm_ws/src/build/c_atm_description
[114.701s] -- Install configuration: ""
[114.702s] -- Installing: /home/laura/auroraPractice/atm_ws/src/install/c_atm_description/share/c_atm_description/urdf
[114.721s] -- Installing: /home/laura/auroraPractice/atm_ws/src/install/c_atm_description/share/c_atm_description/urdf/atm.urdf
[114.722s] -- Installing: /home/laura/auroraPractice/atm_ws/src/install/c_atm_description/share/c_atm_description/meshes
[114.736s] -- Installing: /home/laura/auroraPractice/atm_ws/src/install/c_atm_description/share/c_atm_description/meshes/right_tire.stl
[115.765s] -- Installing: /home/laura/auroraPractice/atm_ws/src/install/c_atm_description/share/c_atm_description/meshes/burger_base.stl
[117.639s] -- Installing: /home/laura/auroraPractice/atm_ws/src/install/c_atm_description/share/c_atm_description/meshes/left_tire.stl
[117.879s] -- Installing: /home/laura/auroraPractice/atm_ws/src/install/c_atm_description/share/ament_index/resource_index/package_run_dependencies/c_atm_description
[117.893s] -- Installing: /home/laura/auroraPractice/atm_ws/src/install/c_atm_description/share/ament_index/resource_index/parent_prefix_path/c_atm_description
[117.897s] -- Installing: /home/laura/auroraPractice/atm_ws/src/install/c_atm_description/share/c_atm_description/environment/ament_prefix_path.sh
[117.915s] -- Installing: /home/laura/auroraPractice/atm_ws/src/install/c_atm_description/share/c_atm_description/environment/ament_prefix_path.dsv
[117.927s] -- Installing: /home/laura/auroraPractice/atm_ws/src/install/c_atm_description/share/c_atm_description/environment/path.sh
[117.929s] -- Installing: /home/laura/auroraPractice/atm_ws/src/install/c_atm_description/share/c_atm_description/environment/path.dsv
[117.931s] -- Installing: /home/laura/auroraPractice/atm_ws/src/install/c_atm_description/share/c_atm_description/local_setup.bash
[117.943s] -- Installing: /home/laura/auroraPractice/atm_ws/src/install/c_atm_description/share/c_atm_description/local_setup.sh
[117.945s] -- Installing: /home/laura/auroraPractice/atm_ws/src/install/c_atm_description/share/c_atm_description/local_setup.zsh
[117.946s] -- Installing: /home/laura/auroraPractice/atm_ws/src/install/c_atm_description/share/c_atm_description/local_setup.dsv
[117.948s] -- Installing: /home/laura/auroraPractice/atm_ws/src/install/c_atm_description/share/c_atm_description/package.dsv
[117.962s] -- Installing: /home/laura/auroraPractice/atm_ws/src/install/c_atm_description/share/ament_index/resource_index/packages/c_atm_description
[117.976s] -- Installing: /home/laura/auroraPractice/atm_ws/src/install/c_atm_description/share/c_atm_description/cmake/c_atm_descriptionConfig.cmake
[117.999s] -- Installing: /home/laura/auroraPractice/atm_ws/src/install/c_atm_description/share/c_atm_description/cmake/c_atm_descriptionConfig-version.cmake
[118.037s] -- Installing: /home/laura/auroraPractice/atm_ws/src/install/c_atm_description/share/c_atm_description/package.xml
[118.065s] Invoked command in '/home/laura/auroraPractice/atm_ws/src/build/c_atm_description' returned '0': CMAKE_PREFIX_PATH=${CMAKE_PREFIX_PATH}:/opt/ros/humble /usr/bin/cmake --install /home/laura/auroraPractice/atm_ws/src/build/c_atm_description
